{"message":"Bookmark with id id not found.","level":"error"}
{"message":"Bookmark with id 9ff72afb-6b2d-42f6-a717-caf4fd579d26 created","level":"info"}
{"message":"Bookmark with id 2dd5a3bd-a033-456a-9d69-0aaed0430ea2 created","level":"info"}
{"message":"Bookmark with id 7d76dfb9-dda6-4389-b6a3-19fab058e80d created","level":"info"}
{"message":"Title is required","level":"error"}
{"message":"Bookmark with id 2dd5a3bd-a033-456a-9d69-0aaed0430ea2 not found.","level":"error"}
{"message":"Bookmark with id f4cc86fb-606f-4dbd-8c07-89acc8b1b008 created","level":"info"}
{"message":"Bookmark with id 810c4bd0-c15d-4831-8277-4dd0e29e6dfa created","level":"info"}
{"message":"Bookmark with id 184c8262-cc2b-471b-bede-5f04c9627c8b created","level":"info"}
{"message":"Bookmark with id f4cc86fb-606f-4dbd-8c07-89acc8b1b008 not found.","level":"error"}
{"message":"Bookmark with id f4cc86fb-606f-4dbd-8c07-89acc8b1b008 not found.","level":"error"}
{"message":"Bookmark with id 2 deleted.","level":"info"}
{"message":"Bookmark with id 2 not found.","level":"error"}
{"message":"Bookmark with id aaebfef5-a104-4fe1-b0fc-70ce5372aa05 created","level":"info"}
{"message":"Bookmark with id aaebfef5-a104-4fe1-b0fc-70ce5372aa05 deleted.","level":"info"}
{"message":"Bookmark with id aaebfef5-a104-4fe1-b0fc-70ce5372aa05 not found.","level":"error"}
{"message":"Bookmark with id e18c9735-93cb-4beb-8565-62844d873e35 created","level":"info"}
{"message":"Bookmark with id 9f1a8b2c-5a85-4f0e-9872-44e921777d1c created","level":"info"}
{"message":"Bookmark with id a8133d94-4b98-4160-9c9b-34ff6e5c9444 created","level":"info"}
{"message":"Bookmark with id 9f1a8b2c-5a85-4f0e-9872-44e921777d1c deleted.","level":"info"}
{"message":"Bookmark with id 9f1a8b2c-5a85-4f0e-9872-44e921777d1c not found.","level":"error"}
{"message":"Bookmark with id ba160de2-0b45-46f4-9d7c-0fa9d861cec0 created","level":"info"}
{"message":"Bookmark with id f931eb18-66d7-48e8-aa76-1103a7467afc created","level":"info"}
{"message":"Bookmark with id 72fc7a53-df44-4e31-8b14-5a33eea688b5 created","level":"info"}
{"message":"Bookmark with id ecf29919-a3a5-4c34-8b39-fd07a53589df created","level":"info"}
{"message":"htww.clair is not valid.","level":"error"}
{"message":"Bookmark with id ca061de1-6705-44cb-93c1-1598d4df0f6a created","level":"info"}
